[10-Oct-2019 22:00:24 Europe/Madrid] PHP Fatal error:  Declaration of AppBundle\Application\Service\GetShoppingCartProductsQtty::execute($dto = NULL) must be compatible with AppBundle\Application\Service\ApplicationServiceInterface::execute($dto = NULL): void in /var/www/html/src/AppBundle/Application/Service/GetShoppingCartProductsQtty.php on line 9
[10-Oct-2019 22:00:24 Europe/Madrid] PHP Stack trace:
[10-Oct-2019 22:00:24 Europe/Madrid] PHP   1. {main}() /var/www/html/web/app_dev.php:0
[10-Oct-2019 22:00:24 Europe/Madrid] PHP   2. AppKernel->handle() /var/www/html/web/app_dev.php:29
[10-Oct-2019 22:00:24 Europe/Madrid] PHP   3. Symfony\Component\HttpKernel\HttpKernel->handle() /var/www/html/vendor/symfony/symfony/src/Symfony/Component/HttpKernel/Kernel.php:169
[10-Oct-2019 22:00:24 Europe/Madrid] PHP   4. Symfony\Component\HttpKernel\HttpKernel->handleRaw() /var/www/html/vendor/symfony/symfony/src/Symfony/Component/HttpKernel/HttpKernel.php:68
[10-Oct-2019 22:00:24 Europe/Madrid] PHP   5. AppBundle\Controller\StoreController->producDeleteCartAction() /var/www/html/vendor/symfony/symfony/src/Symfony/Component/HttpKernel/HttpKernel.php:151
[10-Oct-2019 22:00:24 Europe/Madrid] PHP   6. AppBundle\Controller\StoreController->get() /var/www/html/src/AppBundle/Controller/StoreController.php:94
[10-Oct-2019 22:00:24 Europe/Madrid] PHP   7. appDevDebugProjectContainer->get() /var/www/html/vendor/symfony/symfony/src/Symfony/Bundle/FrameworkBundle/Controller/Controller.php:50
[10-Oct-2019 22:00:24 Europe/Madrid] PHP   8. appDevDebugProjectContainer->getDocutea_Application_GetShoppingCartProductQttyService() /var/www/html/vendor/symfony/symfony/src/Symfony/Component/DependencyInjection/Container.php:329
[10-Oct-2019 22:00:24 Europe/Madrid] PHP   9. spl_autoload_call() /var/www/html/var/cache/dev/appDevDebugProjectContainer.php:1762
[10-Oct-2019 22:00:24 Europe/Madrid] PHP  10. Symfony\Component\Debug\DebugClassLoader->loadClass() /var/www/html/var/cache/dev/appDevDebugProjectContainer.php:1762
[10-Oct-2019 22:00:24 Europe/Madrid] PHP  11. require() /var/www/html/vendor/symfony/symfony/src/Symfony/Component/Debug/DebugClassLoader.php:141
[05-Oct-2021 23:36:41 Europe/Madrid] PHP Warning:  POST Content-Length of 8627059 bytes exceeds the limit of 8388608 bytes in Unknown on line 0
[06-Oct-2021 00:26:29 Europe/Madrid] PHP Fatal error:  Uncaught Symfony\Component\Debug\Exception\FatalThrowableError: Call to a member function getBaseUrl() on null in /var/www/html/vendor/symfony/symfony/src/Symfony/Component/Security/Http/Logout/LogoutUrlGenerator.php:127
Stack trace:
#0 /var/www/html/vendor/symfony/symfony/src/Symfony/Component/Security/Http/Logout/LogoutUrlGenerator.php(78): Symfony\Component\Security\Http\Logout\LogoutUrlGenerator->generateLogoutUrl(NULL, 1)
#1 /var/www/html/vendor/symfony/symfony/src/Symfony/Bundle/SecurityBundle/DataCollector/SecurityDataCollector.php(96): Symfony\Component\Security\Http\Logout\LogoutUrlGenerator->getLogoutPath()
#2 /var/www/html/vendor/symfony/symfony/src/Symfony/Component/HttpKernel/Profiler/Profiler.php(164): Symfony\Bundle\SecurityBundle\DataCollector\SecurityDataCollector->collect(Object(Symfony\Component\HttpFoundation\Request), Object(Symfony\Component\HttpFoundation\Response), NULL)
#3 /var/www/html/vendor/symfony/symfony/src/Symfony/Component/HttpKernel/EventListener/ProfilerListener.php(91): Sym in /var/www/html/vendor/symfony/symfony/src/Symfony/Component/Security/Http/Logout/LogoutUrlGenerator.php on line 127
[24-Oct-2021 21:24:30 Europe/Madrid] PHP Fatal error:  Uncaught Symfony\Component\Debug\Exception\FatalThrowableError: Call to a member function getBaseUrl() on null in /var/www/html/vendor/symfony/symfony/src/Symfony/Component/Security/Http/Logout/LogoutUrlGenerator.php:127
Stack trace:
#0 /var/www/html/vendor/symfony/symfony/src/Symfony/Component/Security/Http/Logout/LogoutUrlGenerator.php(78): Symfony\Component\Security\Http\Logout\LogoutUrlGenerator->generateLogoutUrl(NULL, 1)
#1 /var/www/html/vendor/symfony/symfony/src/Symfony/Bundle/SecurityBundle/DataCollector/SecurityDataCollector.php(96): Symfony\Component\Security\Http\Logout\LogoutUrlGenerator->getLogoutPath()
#2 /var/www/html/vendor/symfony/symfony/src/Symfony/Component/HttpKernel/Profiler/Profiler.php(164): Symfony\Bundle\SecurityBundle\DataCollector\SecurityDataCollector->collect(Object(Symfony\Component\HttpFoundation\Request), Object(Symfony\Component\HttpFoundation\Response), NULL)
#3 /var/www/html/vendor/symfony/symfony/src/Symfony/Component/HttpKernel/EventListener/ProfilerListener.php(91): Sym in /var/www/html/vendor/symfony/symfony/src/Symfony/Component/Security/Http/Logout/LogoutUrlGenerator.php on line 127
[24-Oct-2021 21:38:00 Europe/Madrid] PHP Fatal error:  Uncaught Symfony\Component\Debug\Exception\FatalThrowableError: Call to a member function getBaseUrl() on null in /var/www/html/vendor/symfony/symfony/src/Symfony/Component/Security/Http/Logout/LogoutUrlGenerator.php:127
Stack trace:
#0 /var/www/html/vendor/symfony/symfony/src/Symfony/Component/Security/Http/Logout/LogoutUrlGenerator.php(78): Symfony\Component\Security\Http\Logout\LogoutUrlGenerator->generateLogoutUrl(NULL, 1)
#1 /var/www/html/vendor/symfony/symfony/src/Symfony/Bundle/SecurityBundle/DataCollector/SecurityDataCollector.php(96): Symfony\Component\Security\Http\Logout\LogoutUrlGenerator->getLogoutPath()
#2 /var/www/html/vendor/symfony/symfony/src/Symfony/Component/HttpKernel/Profiler/Profiler.php(164): Symfony\Bundle\SecurityBundle\DataCollector\SecurityDataCollector->collect(Object(Symfony\Component\HttpFoundation\Request), Object(Symfony\Component\HttpFoundation\Response), NULL)
#3 /var/www/html/vendor/symfony/symfony/src/Symfony/Component/HttpKernel/EventListener/ProfilerListener.php(91): Sym in /var/www/html/vendor/symfony/symfony/src/Symfony/Component/Security/Http/Logout/LogoutUrlGenerator.php on line 127
[24-Oct-2021 21:38:10 Europe/Madrid] PHP Fatal error:  Uncaught Symfony\Component\Debug\Exception\FatalThrowableError: Call to a member function getBaseUrl() on null in /var/www/html/vendor/symfony/symfony/src/Symfony/Component/Security/Http/Logout/LogoutUrlGenerator.php:127
Stack trace:
#0 /var/www/html/vendor/symfony/symfony/src/Symfony/Component/Security/Http/Logout/LogoutUrlGenerator.php(78): Symfony\Component\Security\Http\Logout\LogoutUrlGenerator->generateLogoutUrl(NULL, 1)
#1 /var/www/html/vendor/symfony/symfony/src/Symfony/Bundle/SecurityBundle/DataCollector/SecurityDataCollector.php(96): Symfony\Component\Security\Http\Logout\LogoutUrlGenerator->getLogoutPath()
#2 /var/www/html/vendor/symfony/symfony/src/Symfony/Component/HttpKernel/Profiler/Profiler.php(164): Symfony\Bundle\SecurityBundle\DataCollector\SecurityDataCollector->collect(Object(Symfony\Component\HttpFoundation\Request), Object(Symfony\Component\HttpFoundation\Response), NULL)
#3 /var/www/html/vendor/symfony/symfony/src/Symfony/Component/HttpKernel/EventListener/ProfilerListener.php(91): Sym in /var/www/html/vendor/symfony/symfony/src/Symfony/Component/Security/Http/Logout/LogoutUrlGenerator.php on line 127
[24-Oct-2021 21:39:03 Europe/Madrid] PHP Fatal error:  Uncaught Symfony\Component\Debug\Exception\FatalThrowableError: Call to a member function getBaseUrl() on null in /var/www/html/vendor/symfony/symfony/src/Symfony/Component/Security/Http/Logout/LogoutUrlGenerator.php:127
Stack trace:
#0 /var/www/html/vendor/symfony/symfony/src/Symfony/Component/Security/Http/Logout/LogoutUrlGenerator.php(78): Symfony\Component\Security\Http\Logout\LogoutUrlGenerator->generateLogoutUrl(NULL, 1)
#1 /var/www/html/vendor/symfony/symfony/src/Symfony/Bundle/SecurityBundle/DataCollector/SecurityDataCollector.php(96): Symfony\Component\Security\Http\Logout\LogoutUrlGenerator->getLogoutPath()
#2 /var/www/html/vendor/symfony/symfony/src/Symfony/Component/HttpKernel/Profiler/Profiler.php(164): Symfony\Bundle\SecurityBundle\DataCollector\SecurityDataCollector->collect(Object(Symfony\Component\HttpFoundation\Request), Object(Symfony\Component\HttpFoundation\Response), NULL)
#3 /var/www/html/vendor/symfony/symfony/src/Symfony/Component/HttpKernel/EventListener/ProfilerListener.php(91): Sym in /var/www/html/vendor/symfony/symfony/src/Symfony/Component/Security/Http/Logout/LogoutUrlGenerator.php on line 127
[24-Oct-2021 21:40:19 Europe/Madrid] PHP Fatal error:  Uncaught Symfony\Component\Debug\Exception\FatalThrowableError: Call to a member function getBaseUrl() on null in /var/www/html/vendor/symfony/symfony/src/Symfony/Component/Security/Http/Logout/LogoutUrlGenerator.php:127
Stack trace:
#0 /var/www/html/vendor/symfony/symfony/src/Symfony/Component/Security/Http/Logout/LogoutUrlGenerator.php(78): Symfony\Component\Security\Http\Logout\LogoutUrlGenerator->generateLogoutUrl(NULL, 1)
#1 /var/www/html/vendor/symfony/symfony/src/Symfony/Bundle/SecurityBundle/DataCollector/SecurityDataCollector.php(96): Symfony\Component\Security\Http\Logout\LogoutUrlGenerator->getLogoutPath()
#2 /var/www/html/vendor/symfony/symfony/src/Symfony/Component/HttpKernel/Profiler/Profiler.php(164): Symfony\Bundle\SecurityBundle\DataCollector\SecurityDataCollector->collect(Object(Symfony\Component\HttpFoundation\Request), Object(Symfony\Component\HttpFoundation\Response), NULL)
#3 /var/www/html/vendor/symfony/symfony/src/Symfony/Component/HttpKernel/EventListener/ProfilerListener.php(91): Sym in /var/www/html/vendor/symfony/symfony/src/Symfony/Component/Security/Http/Logout/LogoutUrlGenerator.php on line 127
[24-Oct-2021 21:43:27 Europe/Madrid] PHP Fatal error:  Uncaught Symfony\Component\Debug\Exception\FatalThrowableError: Call to a member function getBaseUrl() on null in /var/www/html/vendor/symfony/symfony/src/Symfony/Component/Security/Http/Logout/LogoutUrlGenerator.php:127
Stack trace:
#0 /var/www/html/vendor/symfony/symfony/src/Symfony/Component/Security/Http/Logout/LogoutUrlGenerator.php(78): Symfony\Component\Security\Http\Logout\LogoutUrlGenerator->generateLogoutUrl(NULL, 1)
#1 /var/www/html/vendor/symfony/symfony/src/Symfony/Bundle/SecurityBundle/DataCollector/SecurityDataCollector.php(96): Symfony\Component\Security\Http\Logout\LogoutUrlGenerator->getLogoutPath()
#2 /var/www/html/vendor/symfony/symfony/src/Symfony/Component/HttpKernel/Profiler/Profiler.php(164): Symfony\Bundle\SecurityBundle\DataCollector\SecurityDataCollector->collect(Object(Symfony\Component\HttpFoundation\Request), Object(Symfony\Component\HttpFoundation\Response), NULL)
#3 /var/www/html/vendor/symfony/symfony/src/Symfony/Component/HttpKernel/EventListener/ProfilerListener.php(91): Sym in /var/www/html/vendor/symfony/symfony/src/Symfony/Component/Security/Http/Logout/LogoutUrlGenerator.php on line 127
[24-Oct-2021 21:43:28 Europe/Madrid] PHP Fatal error:  Uncaught Symfony\Component\Debug\Exception\FatalThrowableError: Call to a member function getBaseUrl() on null in /var/www/html/vendor/symfony/symfony/src/Symfony/Component/Security/Http/Logout/LogoutUrlGenerator.php:127
Stack trace:
#0 /var/www/html/vendor/symfony/symfony/src/Symfony/Component/Security/Http/Logout/LogoutUrlGenerator.php(78): Symfony\Component\Security\Http\Logout\LogoutUrlGenerator->generateLogoutUrl(NULL, 1)
#1 /var/www/html/vendor/symfony/symfony/src/Symfony/Bundle/SecurityBundle/DataCollector/SecurityDataCollector.php(96): Symfony\Component\Security\Http\Logout\LogoutUrlGenerator->getLogoutPath()
#2 /var/www/html/vendor/symfony/symfony/src/Symfony/Component/HttpKernel/Profiler/Profiler.php(164): Symfony\Bundle\SecurityBundle\DataCollector\SecurityDataCollector->collect(Object(Symfony\Component\HttpFoundation\Request), Object(Symfony\Component\HttpFoundation\Response), NULL)
#3 /var/www/html/vendor/symfony/symfony/src/Symfony/Component/HttpKernel/EventListener/ProfilerListener.php(91): Sym in /var/www/html/vendor/symfony/symfony/src/Symfony/Component/Security/Http/Logout/LogoutUrlGenerator.php on line 127
[24-Oct-2021 21:43:32 Europe/Madrid] PHP Fatal error:  Uncaught Symfony\Component\Debug\Exception\FatalThrowableError: Call to a member function getBaseUrl() on null in /var/www/html/vendor/symfony/symfony/src/Symfony/Component/Security/Http/Logout/LogoutUrlGenerator.php:127
Stack trace:
#0 /var/www/html/vendor/symfony/symfony/src/Symfony/Component/Security/Http/Logout/LogoutUrlGenerator.php(78): Symfony\Component\Security\Http\Logout\LogoutUrlGenerator->generateLogoutUrl(NULL, 1)
#1 /var/www/html/vendor/symfony/symfony/src/Symfony/Bundle/SecurityBundle/DataCollector/SecurityDataCollector.php(96): Symfony\Component\Security\Http\Logout\LogoutUrlGenerator->getLogoutPath()
#2 /var/www/html/vendor/symfony/symfony/src/Symfony/Component/HttpKernel/Profiler/Profiler.php(164): Symfony\Bundle\SecurityBundle\DataCollector\SecurityDataCollector->collect(Object(Symfony\Component\HttpFoundation\Request), Object(Symfony\Component\HttpFoundation\Response), NULL)
#3 /var/www/html/vendor/symfony/symfony/src/Symfony/Component/HttpKernel/EventListener/ProfilerListener.php(91): Sym in /var/www/html/vendor/symfony/symfony/src/Symfony/Component/Security/Http/Logout/LogoutUrlGenerator.php on line 127
[24-Oct-2021 21:43:47 Europe/Madrid] PHP Fatal error:  Uncaught Symfony\Component\Debug\Exception\FatalThrowableError: Call to a member function getBaseUrl() on null in /var/www/html/vendor/symfony/symfony/src/Symfony/Component/Security/Http/Logout/LogoutUrlGenerator.php:127
Stack trace:
#0 /var/www/html/vendor/symfony/symfony/src/Symfony/Component/Security/Http/Logout/LogoutUrlGenerator.php(78): Symfony\Component\Security\Http\Logout\LogoutUrlGenerator->generateLogoutUrl(NULL, 1)
#1 /var/www/html/vendor/symfony/symfony/src/Symfony/Bundle/SecurityBundle/DataCollector/SecurityDataCollector.php(96): Symfony\Component\Security\Http\Logout\LogoutUrlGenerator->getLogoutPath()
#2 /var/www/html/vendor/symfony/symfony/src/Symfony/Component/HttpKernel/Profiler/Profiler.php(164): Symfony\Bundle\SecurityBundle\DataCollector\SecurityDataCollector->collect(Object(Symfony\Component\HttpFoundation\Request), Object(Symfony\Component\HttpFoundation\Response), NULL)
#3 /var/www/html/vendor/symfony/symfony/src/Symfony/Component/HttpKernel/EventListener/ProfilerListener.php(91): Sym in /var/www/html/vendor/symfony/symfony/src/Symfony/Component/Security/Http/Logout/LogoutUrlGenerator.php on line 127
[24-Oct-2021 21:44:02 Europe/Madrid] PHP Fatal error:  Uncaught Symfony\Component\Debug\Exception\FatalThrowableError: Call to a member function getBaseUrl() on null in /var/www/html/vendor/symfony/symfony/src/Symfony/Component/Security/Http/Logout/LogoutUrlGenerator.php:127
Stack trace:
#0 /var/www/html/vendor/symfony/symfony/src/Symfony/Component/Security/Http/Logout/LogoutUrlGenerator.php(78): Symfony\Component\Security\Http\Logout\LogoutUrlGenerator->generateLogoutUrl(NULL, 1)
#1 /var/www/html/vendor/symfony/symfony/src/Symfony/Bundle/SecurityBundle/DataCollector/SecurityDataCollector.php(96): Symfony\Component\Security\Http\Logout\LogoutUrlGenerator->getLogoutPath()
#2 /var/www/html/vendor/symfony/symfony/src/Symfony/Component/HttpKernel/Profiler/Profiler.php(164): Symfony\Bundle\SecurityBundle\DataCollector\SecurityDataCollector->collect(Object(Symfony\Component\HttpFoundation\Request), Object(Symfony\Component\HttpFoundation\Response), NULL)
#3 /var/www/html/vendor/symfony/symfony/src/Symfony/Component/HttpKernel/EventListener/ProfilerListener.php(91): Sym in /var/www/html/vendor/symfony/symfony/src/Symfony/Component/Security/Http/Logout/LogoutUrlGenerator.php on line 127
[24-Oct-2021 21:44:06 Europe/Madrid] PHP Fatal error:  Uncaught Symfony\Component\Debug\Exception\FatalThrowableError: Call to a member function getBaseUrl() on null in /var/www/html/vendor/symfony/symfony/src/Symfony/Component/Security/Http/Logout/LogoutUrlGenerator.php:127
Stack trace:
#0 /var/www/html/vendor/symfony/symfony/src/Symfony/Component/Security/Http/Logout/LogoutUrlGenerator.php(78): Symfony\Component\Security\Http\Logout\LogoutUrlGenerator->generateLogoutUrl(NULL, 1)
#1 /var/www/html/vendor/symfony/symfony/src/Symfony/Bundle/SecurityBundle/DataCollector/SecurityDataCollector.php(96): Symfony\Component\Security\Http\Logout\LogoutUrlGenerator->getLogoutPath()
#2 /var/www/html/vendor/symfony/symfony/src/Symfony/Component/HttpKernel/Profiler/Profiler.php(164): Symfony\Bundle\SecurityBundle\DataCollector\SecurityDataCollector->collect(Object(Symfony\Component\HttpFoundation\Request), Object(Symfony\Component\HttpFoundation\Response), NULL)
#3 /var/www/html/vendor/symfony/symfony/src/Symfony/Component/HttpKernel/EventListener/ProfilerListener.php(91): Sym in /var/www/html/vendor/symfony/symfony/src/Symfony/Component/Security/Http/Logout/LogoutUrlGenerator.php on line 127
[24-Oct-2021 21:44:17 Europe/Madrid] PHP Fatal error:  Uncaught Symfony\Component\Debug\Exception\FatalThrowableError: Call to a member function getBaseUrl() on null in /var/www/html/vendor/symfony/symfony/src/Symfony/Component/Security/Http/Logout/LogoutUrlGenerator.php:127
Stack trace:
#0 /var/www/html/vendor/symfony/symfony/src/Symfony/Component/Security/Http/Logout/LogoutUrlGenerator.php(78): Symfony\Component\Security\Http\Logout\LogoutUrlGenerator->generateLogoutUrl(NULL, 1)
#1 /var/www/html/vendor/symfony/symfony/src/Symfony/Bundle/SecurityBundle/DataCollector/SecurityDataCollector.php(96): Symfony\Component\Security\Http\Logout\LogoutUrlGenerator->getLogoutPath()
#2 /var/www/html/vendor/symfony/symfony/src/Symfony/Component/HttpKernel/Profiler/Profiler.php(164): Symfony\Bundle\SecurityBundle\DataCollector\SecurityDataCollector->collect(Object(Symfony\Component\HttpFoundation\Request), Object(Symfony\Component\HttpFoundation\Response), NULL)
#3 /var/www/html/vendor/symfony/symfony/src/Symfony/Component/HttpKernel/EventListener/ProfilerListener.php(91): Sym in /var/www/html/vendor/symfony/symfony/src/Symfony/Component/Security/Http/Logout/LogoutUrlGenerator.php on line 127
[24-Oct-2021 22:08:42 Europe/Madrid] PHP Fatal error:  Uncaught Symfony\Component\Debug\Exception\FatalThrowableError: Call to a member function getBaseUrl() on null in /var/www/html/vendor/symfony/symfony/src/Symfony/Component/Security/Http/Logout/LogoutUrlGenerator.php:127
Stack trace:
#0 /var/www/html/vendor/symfony/symfony/src/Symfony/Component/Security/Http/Logout/LogoutUrlGenerator.php(78): Symfony\Component\Security\Http\Logout\LogoutUrlGenerator->generateLogoutUrl(NULL, 1)
#1 /var/www/html/vendor/symfony/symfony/src/Symfony/Bundle/SecurityBundle/DataCollector/SecurityDataCollector.php(96): Symfony\Component\Security\Http\Logout\LogoutUrlGenerator->getLogoutPath()
#2 /var/www/html/vendor/symfony/symfony/src/Symfony/Component/HttpKernel/Profiler/Profiler.php(164): Symfony\Bundle\SecurityBundle\DataCollector\SecurityDataCollector->collect(Object(Symfony\Component\HttpFoundation\Request), Object(Symfony\Component\HttpFoundation\Response), NULL)
#3 /var/www/html/vendor/symfony/symfony/src/Symfony/Component/HttpKernel/EventListener/ProfilerListener.php(91): Sym in /var/www/html/vendor/symfony/symfony/src/Symfony/Component/Security/Http/Logout/LogoutUrlGenerator.php on line 127
[24-Oct-2021 22:10:05 Europe/Madrid] PHP Fatal error:  Uncaught Symfony\Component\Debug\Exception\FatalThrowableError: Call to a member function getBaseUrl() on null in /var/www/html/vendor/symfony/symfony/src/Symfony/Component/Security/Http/Logout/LogoutUrlGenerator.php:127
Stack trace:
#0 /var/www/html/vendor/symfony/symfony/src/Symfony/Component/Security/Http/Logout/LogoutUrlGenerator.php(78): Symfony\Component\Security\Http\Logout\LogoutUrlGenerator->generateLogoutUrl(NULL, 1)
#1 /var/www/html/vendor/symfony/symfony/src/Symfony/Bundle/SecurityBundle/DataCollector/SecurityDataCollector.php(96): Symfony\Component\Security\Http\Logout\LogoutUrlGenerator->getLogoutPath()
#2 /var/www/html/vendor/symfony/symfony/src/Symfony/Component/HttpKernel/Profiler/Profiler.php(164): Symfony\Bundle\SecurityBundle\DataCollector\SecurityDataCollector->collect(Object(Symfony\Component\HttpFoundation\Request), Object(Symfony\Component\HttpFoundation\Response), NULL)
#3 /var/www/html/vendor/symfony/symfony/src/Symfony/Component/HttpKernel/EventListener/ProfilerListener.php(91): Sym in /var/www/html/vendor/symfony/symfony/src/Symfony/Component/Security/Http/Logout/LogoutUrlGenerator.php on line 127
[24-Oct-2021 22:10:34 Europe/Madrid] PHP Fatal error:  Uncaught Symfony\Component\Debug\Exception\FatalThrowableError: Call to a member function getBaseUrl() on null in /var/www/html/vendor/symfony/symfony/src/Symfony/Component/Security/Http/Logout/LogoutUrlGenerator.php:127
Stack trace:
#0 /var/www/html/vendor/symfony/symfony/src/Symfony/Component/Security/Http/Logout/LogoutUrlGenerator.php(78): Symfony\Component\Security\Http\Logout\LogoutUrlGenerator->generateLogoutUrl(NULL, 1)
#1 /var/www/html/vendor/symfony/symfony/src/Symfony/Bundle/SecurityBundle/DataCollector/SecurityDataCollector.php(96): Symfony\Component\Security\Http\Logout\LogoutUrlGenerator->getLogoutPath()
#2 /var/www/html/vendor/symfony/symfony/src/Symfony/Component/HttpKernel/Profiler/Profiler.php(164): Symfony\Bundle\SecurityBundle\DataCollector\SecurityDataCollector->collect(Object(Symfony\Component\HttpFoundation\Request), Object(Symfony\Component\HttpFoundation\Response), NULL)
#3 /var/www/html/vendor/symfony/symfony/src/Symfony/Component/HttpKernel/EventListener/ProfilerListener.php(91): Sym in /var/www/html/vendor/symfony/symfony/src/Symfony/Component/Security/Http/Logout/LogoutUrlGenerator.php on line 127
[24-Oct-2021 22:10:36 Europe/Madrid] PHP Fatal error:  Uncaught Symfony\Component\Debug\Exception\FatalThrowableError: Call to a member function getBaseUrl() on null in /var/www/html/vendor/symfony/symfony/src/Symfony/Component/Security/Http/Logout/LogoutUrlGenerator.php:127
Stack trace:
#0 /var/www/html/vendor/symfony/symfony/src/Symfony/Component/Security/Http/Logout/LogoutUrlGenerator.php(78): Symfony\Component\Security\Http\Logout\LogoutUrlGenerator->generateLogoutUrl(NULL, 1)
#1 /var/www/html/vendor/symfony/symfony/src/Symfony/Bundle/SecurityBundle/DataCollector/SecurityDataCollector.php(96): Symfony\Component\Security\Http\Logout\LogoutUrlGenerator->getLogoutPath()
#2 /var/www/html/vendor/symfony/symfony/src/Symfony/Component/HttpKernel/Profiler/Profiler.php(164): Symfony\Bundle\SecurityBundle\DataCollector\SecurityDataCollector->collect(Object(Symfony\Component\HttpFoundation\Request), Object(Symfony\Component\HttpFoundation\Response), NULL)
#3 /var/www/html/vendor/symfony/symfony/src/Symfony/Component/HttpKernel/EventListener/ProfilerListener.php(91): Sym in /var/www/html/vendor/symfony/symfony/src/Symfony/Component/Security/Http/Logout/LogoutUrlGenerator.php on line 127
[24-Oct-2021 22:10:39 Europe/Madrid] PHP Fatal error:  Uncaught Symfony\Component\Debug\Exception\FatalThrowableError: Call to a member function getBaseUrl() on null in /var/www/html/vendor/symfony/symfony/src/Symfony/Component/Security/Http/Logout/LogoutUrlGenerator.php:127
Stack trace:
#0 /var/www/html/vendor/symfony/symfony/src/Symfony/Component/Security/Http/Logout/LogoutUrlGenerator.php(78): Symfony\Component\Security\Http\Logout\LogoutUrlGenerator->generateLogoutUrl(NULL, 1)
#1 /var/www/html/vendor/symfony/symfony/src/Symfony/Bundle/SecurityBundle/DataCollector/SecurityDataCollector.php(96): Symfony\Component\Security\Http\Logout\LogoutUrlGenerator->getLogoutPath()
#2 /var/www/html/vendor/symfony/symfony/src/Symfony/Component/HttpKernel/Profiler/Profiler.php(164): Symfony\Bundle\SecurityBundle\DataCollector\SecurityDataCollector->collect(Object(Symfony\Component\HttpFoundation\Request), Object(Symfony\Component\HttpFoundation\Response), NULL)
#3 /var/www/html/vendor/symfony/symfony/src/Symfony/Component/HttpKernel/EventListener/ProfilerListener.php(91): Sym in /var/www/html/vendor/symfony/symfony/src/Symfony/Component/Security/Http/Logout/LogoutUrlGenerator.php on line 127
[24-Oct-2021 22:10:42 Europe/Madrid] PHP Fatal error:  Uncaught Symfony\Component\Debug\Exception\FatalThrowableError: Call to a member function getBaseUrl() on null in /var/www/html/vendor/symfony/symfony/src/Symfony/Component/Security/Http/Logout/LogoutUrlGenerator.php:127
Stack trace:
#0 /var/www/html/vendor/symfony/symfony/src/Symfony/Component/Security/Http/Logout/LogoutUrlGenerator.php(78): Symfony\Component\Security\Http\Logout\LogoutUrlGenerator->generateLogoutUrl(NULL, 1)
#1 /var/www/html/vendor/symfony/symfony/src/Symfony/Bundle/SecurityBundle/DataCollector/SecurityDataCollector.php(96): Symfony\Component\Security\Http\Logout\LogoutUrlGenerator->getLogoutPath()
#2 /var/www/html/vendor/symfony/symfony/src/Symfony/Component/HttpKernel/Profiler/Profiler.php(164): Symfony\Bundle\SecurityBundle\DataCollector\SecurityDataCollector->collect(Object(Symfony\Component\HttpFoundation\Request), Object(Symfony\Component\HttpFoundation\Response), NULL)
#3 /var/www/html/vendor/symfony/symfony/src/Symfony/Component/HttpKernel/EventListener/ProfilerListener.php(91): Sym in /var/www/html/vendor/symfony/symfony/src/Symfony/Component/Security/Http/Logout/LogoutUrlGenerator.php on line 127
